<?xml version="1.0" encoding="UTF-8"?>
<!-- Generated by org.testng.reporters.JUnitReportReporter -->
<testsuite skipped="0" hostname="DESKTOP-8B6SBOE" name="com.PS.Tests.SearchTest" tests="1" failures="0" timestamp="2020-10-19T03:07:14 WAT" time="29.148" errors="0">
  <testcase name="ValidateSearch" time="29.148" classname="com.PS.Tests.SearchTest"/>
  <system-out/>
</testsuite> <!-- com.PS.Tests.SearchTest -->
